[2024-10-17 10:57:14,022]-warnings.py-109-MainThread-/Users/liqian/wx_login/login_wx.py:89: RuntimeWarning: coroutine 'ElementHandle.click' was never awaited
  element.click()

[2024-10-17 11:05:27,999]-base_events.py-1738-MainThread-Future exception was never retrieved
future: <Future finished exception=TargetClosedError('Target page, context or browser has been closed')>
playwright._impl._errors.TargetClosedError: Target page, context or browser has been closed
[2024-10-17 11:05:28,000]-base_events.py-1738-MainThread-Future exception was never retrieved
future: <Future finished exception=TargetClosedError('Target page, context or browser has been closed')>
playwright._impl._errors.TargetClosedError: Target page, context or browser has been closed
[2024-10-17 11:12:10,646]-base_events.py-1738-MainThread-Future exception was never retrieved
future: <Future finished exception=TargetClosedError('Target page, context or browser has been closed')>
playwright._impl._errors.TargetClosedError: Target page, context or browser has been closed
[2024-10-17 11:13:48,266]-base_events.py-1738-MainThread-Future exception was never retrieved
future: <Future finished exception=TargetClosedError('Target page, context or browser has been closed')>
playwright._impl._errors.TargetClosedError: Target page, context or browser has been closed
[2024-10-17 11:21:16,108]-base_events.py-1738-MainThread-Future exception was never retrieved
future: <Future finished exception=TargetClosedError('Target page, context or browser has been closed')>
playwright._impl._errors.TargetClosedError: Target page, context or browser has been closed
[2024-10-17 11:21:16,108]-base_events.py-1738-MainThread-Future exception was never retrieved
future: <Future finished exception=TargetClosedError('Target page, context or browser has been closed')>
playwright._impl._errors.TargetClosedError: Target page, context or browser has been closed
[2024-10-17 11:48:14,615]-base_events.py-1738-MainThread-Future exception was never retrieved
future: <Future finished exception=TargetClosedError('Target page, context or browser has been closed')>
playwright._impl._errors.TargetClosedError: Target page, context or browser has been closed
[2024-10-17 11:49:32,024]-base_events.py-1738-MainThread-Future exception was never retrieved
future: <Future finished exception=TargetClosedError('Target page, context or browser has been closed')>
playwright._impl._errors.TargetClosedError: Target page, context or browser has been closed
[2024-10-17 11:49:32,024]-base_events.py-1738-MainThread-Future exception was never retrieved
future: <Future finished exception=TargetClosedError('Target page, context or browser has been closed')>
playwright._impl._errors.TargetClosedError: Target page, context or browser has been closed
[2024-10-17 11:50:32,303]-base_events.py-1738-MainThread-Future exception was never retrieved
future: <Future finished exception=TargetClosedError('Target page, context or browser has been closed')>
playwright._impl._errors.TargetClosedError: Target page, context or browser has been closed
[2024-10-17 11:50:32,304]-base_events.py-1738-MainThread-Future exception was never retrieved
future: <Future finished exception=TargetClosedError('Target page, context or browser has been closed')>
playwright._impl._errors.TargetClosedError: Target page, context or browser has been closed
[2024-10-17 15:40:23,689]-warnings.py-109-MainThread-/Users/liqian/wx_login/login_wx.py:113: RuntimeWarning: coroutine 'Page.query_selector' was never awaited
  await new_page.query_selector('#pop-opr__button#js_imagedialog').click()

[2024-10-17 15:49:51,305]-warnings.py-109-MainThread-/Users/liqian/wx_login/login_wx.py:113: RuntimeWarning: coroutine 'Page.wait_for_timeout' was never awaited
  new_page.wait_for_timeout(500)

[2024-10-17 15:50:29,444]-warnings.py-109-MainThread-/Users/liqian/wx_login/login_wx.py:113: RuntimeWarning: coroutine 'Page.wait_for_timeout' was never awaited
  new_page.wait_for_timeout(500)

[2024-10-17 16:02:14,446]-warnings.py-109-MainThread-/Users/liqian/wx_login/login_wx.py:113: RuntimeWarning: coroutine 'Page.wait_for_timeout' was never awaited
  new_page.wait_for_timeout(500)

[2024-10-17 16:03:16,847]-warnings.py-109-MainThread-/Users/liqian/wx_login/login_wx.py:113: RuntimeWarning: coroutine 'Page.wait_for_timeout' was never awaited
  new_page.wait_for_timeout(500)

[2024-10-17 16:03:41,403]-warnings.py-109-MainThread-/Users/liqian/wx_login/login_wx.py:113: RuntimeWarning: coroutine 'Page.wait_for_timeout' was never awaited
  new_page.wait_for_timeout(500)

[2024-10-17 16:10:11,865]-warnings.py-109-MainThread-/Users/liqian/wx_login/login_wx.py:113: RuntimeWarning: coroutine 'Page.wait_for_timeout' was never awaited
  new_page.wait_for_timeout(500)

[2024-10-17 16:11:14,465]-warnings.py-109-MainThread-/Users/liqian/wx_login/login_wx.py:113: RuntimeWarning: coroutine 'Page.wait_for_timeout' was never awaited
  new_page.wait_for_timeout(500)

[2024-10-17 16:12:01,431]-warnings.py-109-MainThread-/Users/liqian/wx_login/login_wx.py:113: RuntimeWarning: coroutine 'Page.wait_for_timeout' was never awaited
  new_page.wait_for_timeout(500)

[2024-10-17 16:12:01,527]-warnings.py-109-MainThread-/Users/liqian/wx_login/login_wx.py:116: RuntimeWarning: coroutine 'Page.wait_for_timeout' was never awaited
  new_page.wait_for_timeout(500)

[2024-10-17 16:23:20,958]-warnings.py-109-MainThread-/Users/liqian/wx_login/login_wx.py:113: RuntimeWarning: coroutine 'Page.wait_for_timeout' was never awaited
  new_page.wait_for_timeout(500)

[2024-10-17 16:23:21,068]-warnings.py-109-MainThread-/Users/liqian/wx_login/login_wx.py:116: RuntimeWarning: coroutine 'Page.wait_for_timeout' was never awaited
  new_page.wait_for_timeout(500)

[2024-10-17 17:52:33,483]-warnings.py-109-MainThread-/Users/liqian/wx_login/login_wx.py:126: RuntimeWarning: coroutine 'Page.wait_for_timeout' was never awaited
  new_page.wait_for_timeout(500)

[2024-10-17 17:52:33,579]-warnings.py-109-MainThread-/Users/liqian/wx_login/login_wx.py:129: RuntimeWarning: coroutine 'Page.wait_for_timeout' was never awaited
  new_page.wait_for_timeout(500)

